<?xml version="1.0" encoding="UTF-8"?>
<testsuite xmlns:xsi="http://www.w3.org/2001/XMLSchema-instance" xsi:noNamespaceSchemaLocation="https://maven.apache.org/surefire/maven-surefire-plugin/xsd/surefire-test-report-3.0.xsd" version="3.0" name="com.borkfork.spicedb.examples.googledocs.DeepDebugTest" time="2.018" tests="3" errors="0" skipped="0" failures="1">
  <properties>
[...]
</properties>
  <testcase name="javalinViaHttp" classname="com.borkfork.spicedb.examples.googledocs.DeepDebugTest" time="1.988">
    <failure message="ERROR: invalid handle: 1 ==&gt; expected: &lt;200&gt; but was: &lt;500&gt;" type="org.opentest4j.AssertionFailedError"><![CDATA[org.opentest4j.AssertionFailedError: ERROR: invalid handle: 1 ==> expected: <200> but was: <500>
	at org.junit.jupiter.api.AssertionFailureBuilder.build(AssertionFailureBuilder.java:151)
	at org.junit.jupiter.api.AssertionFailureBuilder.buildAndThrow(AssertionFailureBuilder.java:132)
	at org.junit.jupiter.api.AssertEquals.failNotEqual(AssertEquals.java:197)
	at org.junit.jupiter.api.AssertEquals.assertEquals(AssertEquals.java:150)
	at org.junit.jupiter.api.Assertions.assertEquals(Assertions.java:563)
	at com.borkfork.spicedb.examples.googledocs.DeepDebugTest.javalinViaHttp(DeepDebugTest.java:137)
	at java.base/java.lang.reflect.Method.invoke(Method.java:569)
	at java.base/java.util.ArrayList.forEach(ArrayList.java:1511)
	at java.base/java.util.ArrayList.forEach(ArrayList.java:1511)
]]></failure>
    <system-out><![CDATA[HTTP result: 500 ERROR: invalid handle: 1
]]></system-out>
    <system-err><![CDATA[[main] INFO io.javalin.Javalin - Starting Javalin ...
[main] INFO org.eclipse.jetty.server.Server - jetty-11.0.25; built: 2025-03-13T00:15:57.301Z; git: a2e9fae3ad8320f2a713d4fa29bba356a99d1295; jvm 17.0.18+8
[main] INFO org.eclipse.jetty.server.session.DefaultSessionIdManager - Session workerName=node0
[main] INFO org.eclipse.jetty.server.handler.ContextHandler - Started o.e.j.s.ServletContextHandler@794b435f{/,null,AVAILABLE}
[main] INFO org.eclipse.jetty.server.AbstractConnector - Started ServerConnector@13c612bd{HTTP/1.1, (http/1.1)}{0.0.0.0:63172}
[main] INFO org.eclipse.jetty.server.Server - Started Server@2bffa76d{STARTING}[11.0.25,sto=0] @1952ms
[main] INFO io.javalin.Javalin - 
       __                  ___           _____
      / /___ __   ______ _/ (_)___      / ___/
 __  / / __ `/ | / / __ `/ / / __ \    / __ \
/ /_/ / /_/ /| |/ / /_/ / / / / / /   / /_/ /
\____/\__,_/ |___/\__,_/_/_/_/ /_/    \____/

       https://javalin.io/documentation

[main] INFO io.javalin.Javalin - Javalin started in 78ms \o/
[main] INFO io.javalin.Javalin - Listening on http://localhost:63172/
[main] INFO io.javalin.Javalin - You are running Javalin 6.7.0 (released June 22, 2025. Your Javalin version is 245 days old. Consider checking for a newer version.).
[main] INFO io.javalin.Javalin - Stopping Javalin ...
[main] INFO org.eclipse.jetty.server.Server - Stopped Server@2bffa76d{STOPPING}[11.0.25,sto=0]
[main] INFO org.eclipse.jetty.server.AbstractConnector - Stopped ServerConnector@13c612bd{HTTP/1.1, (http/1.1)}{0.0.0.0:0}
[main] INFO org.eclipse.jetty.server.handler.ContextHandler - Stopped o.e.j.s.ServletContextHandler@794b435f{/,null,STOPPED}
[main] INFO io.javalin.Javalin - Javalin has stopped
]]></system-err>
  </testcase>
  <testcase name="javalinWithoutHttp" classname="com.borkfork.spicedb.examples.googledocs.DeepDebugTest" time="0.015">
    <system-out><![CDATA[Jetty thread pool result: OK: PERMISSIONSHIP_HAS_PERMISSION
]]></system-out>
    <system-err><![CDATA[[main] INFO io.javalin.Javalin - Starting Javalin ...
[main] INFO org.eclipse.jetty.server.Server - jetty-11.0.25; built: 2025-03-13T00:15:57.301Z; git: a2e9fae3ad8320f2a713d4fa29bba356a99d1295; jvm 17.0.18+8
[main] INFO org.eclipse.jetty.server.session.DefaultSessionIdManager - Session workerName=node0
[main] INFO org.eclipse.jetty.server.handler.ContextHandler - Started o.e.j.s.ServletContextHandler@3fae596{/,null,AVAILABLE}
[main] INFO org.eclipse.jetty.server.AbstractConnector - Started ServerConnector@2bc9a775{HTTP/1.1, (http/1.1)}{0.0.0.0:63174}
[main] INFO org.eclipse.jetty.server.Server - Started Server@42f9c19a{STARTING}[11.0.25,sto=0] @2191ms
[main] INFO io.javalin.Javalin - 
       __                  ___           _____
      / /___ __   ______ _/ (_)___      / ___/
 __  / / __ `/ | / / __ `/ / / __ \    / __ \
/ /_/ / /_/ /| |/ / /_/ / / / / / /   / /_/ /
\____/\__,_/ |___/\__,_/_/_/_/ /_/    \____/

       https://javalin.io/documentation

[main] INFO io.javalin.Javalin - Javalin started in 2ms \o/
[main] INFO io.javalin.Javalin - Listening on http://localhost:63174/
[main] INFO io.javalin.Javalin - You are running Javalin 6.7.0 (released June 22, 2025. Your Javalin version is 245 days old. Consider checking for a newer version.).
[main] INFO io.javalin.Javalin - Stopping Javalin ...
[main] INFO org.eclipse.jetty.server.Server - Stopped Server@42f9c19a{STOPPING}[11.0.25,sto=0]
[main] INFO org.eclipse.jetty.server.AbstractConnector - Stopped ServerConnector@2bc9a775{HTTP/1.1, (http/1.1)}{0.0.0.0:0}
[main] INFO org.eclipse.jetty.server.handler.ContextHandler - Stopped o.e.j.s.ServletContextHandler@3fae596{/,null,STOPPED}
[main] INFO io.javalin.Javalin - Javalin has stopped
]]></system-err>
  </testcase>
  <testcase name="threadPoolExecutor" classname="com.borkfork.spicedb.examples.googledocs.DeepDebugTest" time="0.006"/>
</testsuite>